<?xml version="1.0" encoding="UTF-8"?>
<testng-results ignored="0" total="2" passed="2" failed="0" skipped="0">
  <reporter-output>
  </reporter-output>
  <suite started-at="2023-11-20T20:48:16 BDT" name="Default suite" finished-at="2023-11-20T20:49:04 BDT" duration-ms="47598">
    <groups>
    </groups>
    <test started-at="2023-11-20T20:48:16 BDT" name="Default test" finished-at="2023-11-20T20:49:04 BDT" duration-ms="47598">
      <class name="seleniumJava.Testing4">
        <test-method is-config="true" signature="init()[pri:0, instance:seleniumJava.Testing4@45752059]" started-at="2023-11-20T20:48:16 BDT" name="init" finished-at="2023-11-20T20:49:03 BDT" duration-ms="47259" status="PASS">
          <reporter-output>
          </reporter-output>
        </test-method> <!-- init -->
        <test-method signature="Titlecheck()[pri:0, instance:seleniumJava.Testing4@45752059]" started-at="2023-11-20T20:49:04 BDT" name="Titlecheck" finished-at="2023-11-20T20:49:04 BDT" duration-ms="69" status="PASS">
          <reporter-output>
          </reporter-output>
        </test-method> <!-- Titlecheck -->
        <test-method signature="xCheckURL()[pri:0, instance:seleniumJava.Testing4@45752059]" started-at="2023-11-20T20:49:04 BDT" name="xCheckURL" finished-at="2023-11-20T20:49:04 BDT" duration-ms="12" status="PASS">
          <reporter-output>
          </reporter-output>
        </test-method> <!-- xCheckURL -->
      </class> <!-- seleniumJava.Testing4 -->
    </test> <!-- Default test -->
  </suite> <!-- Default suite -->
</testng-results>
